[02-14 15:34:54]: [INFO] SQLite driver loaded
[02-14 15:34:54]: [INFO] SQLite Setup finished
[02-14 15:34:54]: [INFO] Hooked into PermissionsEx!
[02-14 15:34:54]: [INFO] Hooked successfully into Essentials
[02-14 15:34:54]: [INFO] Hooked successfully into Multiverse-Core
[02-14 15:34:54]: [INFO] Essentials spawn file not found: '/opt/zimcraft/plugins/Essentials/spawn.yml'
[02-14 15:34:55]: [WARN] WARNING! The protectInventory feature requires ProtocolLib! Disabling it...
[02-14 15:34:55]: [INFO] Development builds are available on our jenkins, thanks to f14stelt.
[02-14 15:34:55]: [INFO] Do you want a good game server? Look at our sponsor GameHosting.it leader in Italy as Game Server Provider!
[02-14 15:34:55]: [INFO] AuthMe 5.2 build n.1542 correctly enabled!
[02-14 15:35:28]: [FINE] RoboNinja317 registered 169.239.27.226
[02-14 15:35:28]: [FINE] RoboNinja317 logged in!
[02-14 15:35:29]: [INFO] [LICENSE] This product uses data from the GeoLite API created by MaxMind, available at http://www.maxmind.com
[02-14 15:36:16]: [FINE] Wraythe registered 10.29.8.60
[02-14 15:36:16]: [FINE] Wraythe logged in!
[02-14 15:41:11]: [FINE] kundai registered 197.221.232.71
[02-14 15:41:11]: [FINE] kundai logged in!
[02-14 15:42:08]: [FINE] Epiwssa registered 81.198.103.102
[02-14 15:42:08]: [FINE] Epiwssa logged in!
[02-14 15:46:04]: [INFO] AuthMe 5.2-b1542 disabled!
[02-14 15:46:29]: [INFO] SQLite driver loaded
[02-14 15:46:29]: [INFO] SQLite Setup finished
[02-14 15:46:29]: [INFO] Hooked into PermissionsEx!
[02-14 15:46:29]: [INFO] Hooked successfully into Essentials
[02-14 15:46:29]: [INFO] Hooked successfully into Multiverse-Core
[02-14 15:46:29]: [INFO] Essentials spawn file not found: '/opt/zimcraft/plugins/Essentials/spawn.yml'
[02-14 15:46:29]: [INFO] [LICENSE] This product uses data from the GeoLite API created by MaxMind, available at http://www.maxmind.com
[02-14 15:46:29]: [WARN] WARNING! The protectInventory feature requires ProtocolLib! Disabling it...
[02-14 15:46:29]: [INFO] Development builds are available on our jenkins, thanks to f14stelt.
[02-14 15:46:29]: [INFO] Do you want a good game server? Look at our sponsor GameHosting.it leader in Italy as Game Server Provider!
[02-14 15:46:29]: [INFO] AuthMe 5.2 build n.1542 correctly enabled!
[02-14 15:46:37]: [FINE] Epiwssa logged in!
[02-14 15:46:39]: [FINE] Wraythe logged in!
[02-14 15:47:24]: [FINE] kundai logged in!
[02-14 15:47:49]: [FINE] RoboNinja317 logged in!
[02-14 15:57:36]: [INFO] AuthMe 5.2-b1542 disabled!
[02-14 16:01:25]: [INFO] SQLite driver loaded
[02-14 16:01:25]: [INFO] SQLite Setup finished
[02-14 16:01:25]: [INFO] Hooked into PermissionsEx!
[02-14 16:01:25]: [INFO] Hooked successfully into Essentials
[02-14 16:01:25]: [INFO] Hooked successfully into Multiverse-Core
[02-14 16:01:25]: [INFO] Essentials spawn file not found: '/opt/zimcraft/plugins/Essentials/spawn.yml'
[02-14 16:01:25]: [INFO] [LICENSE] This product uses data from the GeoLite API created by MaxMind, available at http://www.maxmind.com
[02-14 16:01:25]: [WARN] WARNING! The protectInventory feature requires ProtocolLib! Disabling it...
[02-14 16:01:25]: [INFO] Development builds are available on our jenkins, thanks to f14stelt.
[02-14 16:01:25]: [INFO] Do you want a good game server? Look at our sponsor GameHosting.it leader in Italy as Game Server Provider!
[02-14 16:01:25]: [INFO] AuthMe 5.2 build n.1542 correctly enabled!
[02-14 16:01:33]: [FINE] RoboNinja317 used the wrong password
[02-14 16:03:16]: [FINE] kundai logged in!
[02-14 16:06:30]: [FINE] RoboNinja317 logged in!
[02-14 16:10:55]: [FINE] Epiwssa logged in!
[02-14 17:53:48]: [FINE] Epiwssa logged in!
[02-14 18:24:47]: [FINE] Wraythe logged in!
[02-14 18:33:42]: [FINE] RoboNinja317 logged in!
[02-14 18:49:27]: [INFO] AuthMe 5.2-b1542 disabled!
[02-14 18:49:45]: [INFO] SQLite driver loaded
[02-14 18:49:45]: [INFO] SQLite Setup finished
[02-14 18:49:45]: [INFO] Hooked into PermissionsEx!
[02-14 18:49:45]: [INFO] Hooked successfully into Essentials
[02-14 18:49:45]: [INFO] Hooked successfully into Multiverse-Core
[02-14 18:49:45]: [INFO] Essentials spawn file not found: '/opt/zimcraft/plugins/Essentials/spawn.yml'
[02-14 18:49:45]: [INFO] [LICENSE] This product uses data from the GeoLite API created by MaxMind, available at http://www.maxmind.com
[02-14 18:49:45]: [WARN] WARNING! The protectInventory feature requires ProtocolLib! Disabling it...
[02-14 18:49:45]: [INFO] Development builds are available on our jenkins, thanks to f14stelt.
[02-14 18:49:45]: [INFO] Do you want a good game server? Look at our sponsor GameHosting.it leader in Italy as Game Server Provider!
[02-14 18:49:45]: [INFO] AuthMe 5.2 build n.1542 correctly enabled!
[02-14 18:49:53]: [FINE] Wraythe logged in!
[02-14 18:50:35]: [FINE] RoboNinja317 logged in!
[02-14 19:16:30]: [FINE] Wraythe logged in!
[02-14 20:13:13]: [FINE] Wraythe logged in!
[02-14 20:38:41]: [INFO] AuthMe 5.2-b1542 disabled!
[02-14 20:57:51]: [INFO] SQLite driver loaded
[02-14 20:57:51]: [INFO] SQLite Setup finished
[02-14 20:57:51]: [INFO] Hooked into PermissionsEx!
[02-14 20:57:51]: [INFO] Hooked successfully into Essentials
[02-14 20:57:51]: [INFO] Hooked successfully into Multiverse-Core
[02-14 20:57:51]: [INFO] Essentials spawn file not found: '/opt/zimcraft/plugins/Essentials/spawn.yml'
[02-14 20:57:51]: [INFO] [LICENSE] This product uses data from the GeoLite API created by MaxMind, available at http://www.maxmind.com
[02-14 20:57:51]: [WARN] WARNING! The protectInventory feature requires ProtocolLib! Disabling it...
[02-14 20:57:51]: [INFO] Development builds are available on our jenkins, thanks to f14stelt.
[02-14 20:57:51]: [INFO] Do you want a good game server? Look at our sponsor GameHosting.it leader in Italy as Game Server Provider!
[02-14 20:57:51]: [INFO] AuthMe 5.2 build n.1542 correctly enabled!
[02-14 20:58:19]: [FINE] Wraythe logged in!
[02-14 21:04:07]: [INFO] AuthMe 5.2-b1542 disabled!
[02-14 21:28:26]: [INFO] SQLite driver loaded
[02-14 21:28:26]: [INFO] SQLite Setup finished
[02-14 21:28:26]: [INFO] Hooked into PermissionsEx!
[02-14 21:28:26]: [INFO] Hooked successfully into Essentials
[02-14 21:28:26]: [INFO] Hooked successfully into Multiverse-Core
[02-14 21:28:26]: [INFO] Essentials spawn file not found: '/opt/zimcraft/plugins/Essentials/spawn.yml'
[02-14 21:28:26]: [INFO] [LICENSE] This product uses data from the GeoLite API created by MaxMind, available at http://www.maxmind.com
[02-14 21:28:26]: [WARN] WARNING! The protectInventory feature requires ProtocolLib! Disabling it...
[02-14 21:28:26]: [INFO] Development builds are available on our jenkins, thanks to f14stelt.
[02-14 21:28:26]: [INFO] Do you want a good game server? Look at our sponsor GameHosting.it leader in Italy as Game Server Provider!
[02-14 21:28:26]: [INFO] AuthMe 5.2 build n.1542 correctly enabled!
[02-14 21:29:11]: [INFO] AuthMe 5.2-b1542 disabled!
[02-14 21:30:07]: [INFO] SQLite driver loaded
[02-14 21:30:07]: [INFO] SQLite Setup finished
[02-14 21:30:07]: [INFO] Hooked into PermissionsEx!
[02-14 21:30:07]: [INFO] Hooked successfully into Essentials
[02-14 21:30:07]: [INFO] Hooked successfully into Multiverse-Core
[02-14 21:30:07]: [INFO] Essentials spawn file not found: '/opt/zimcraft/plugins/Essentials/spawn.yml'
[02-14 21:30:07]: [INFO] [LICENSE] This product uses data from the GeoLite API created by MaxMind, available at http://www.maxmind.com
[02-14 21:30:08]: [WARN] WARNING! The protectInventory feature requires ProtocolLib! Disabling it...
[02-14 21:30:08]: [INFO] Development builds are available on our jenkins, thanks to f14stelt.
[02-14 21:30:08]: [INFO] Do you want a good game server? Look at our sponsor GameHosting.it leader in Italy as Game Server Provider!
[02-14 21:30:08]: [INFO] AuthMe 5.2 build n.1542 correctly enabled!
[02-14 21:31:11]: [FINE] Wraythe logged in!
[02-14 21:37:49]: [FINE] Epiwssa logged in!
[02-14 21:56:27]: [FINE] Epiwssa used the wrong password
[02-14 21:56:50]: [FINE] Epiwssa logged in!
[02-14 22:59:13]: [FINE] Wraythe logged in!
[02-15 08:15:41]: [INFO] AuthMe 5.2-b1542 disabled!
